# JRE version: OpenJDK Runtime Environment (21.0.6) (build 21.0.6+-13355223-b631.42)
# Java VM: OpenJDK 64-Bit Server VM (21.0.6+-13355223-b631.42, mixed mode, tiered, compressed oops, compressed class ptrs, g1 gc, windows-amd64)
GC Precious Log:
 CardTable entry size: 512
 Card Set container configuration: InlinePtr #cards 5 size 8 Array Of Cards #cards 12 size 40 Howl #buckets 4 coarsen threshold 1843 Howl Bitmap #cards 512 size 80 coarsen threshold 460 Card regions per heap region 1 cards per card region 2048
 CPUs: 8 total, 8 available
 Memory: 16106M
 Large Page Support: Disabled
 NUMA Support: Disabled
 Compressed Oops: Enabled (32-bit)
 Heap Region Size: 1M
 Heap Min Capacity: 8M
 Heap Initial Capacity: 252M
 Heap Max Capacity: 2G
 Pre-touch: Disabled
 Parallel Workers: 8
 Concurrent Workers: 2
 Concurrent Refinement Workers: 8
 Periodic GC: Disabled
Heap:
 garbage-first heap   total 206848K, used 142920K [0x0000000080000000, 0x0000000100000000)
  region size 1024K, 28 young (28672K), 8 survivors (8192K)
 Metaspace       used 113288K, committed 115584K, reserved 1179648K
  class space    used 15290K, committed 16448K, reserved 1048576K
GC Heap History (20 events):
Event: 29.258 GC heap before
{Heap before GC invocations=33 (full 0):
 garbage-first heap   total 149504K, used 119860K [0x0000000080000000, 0x0000000100000000)
  region size 1024K, 32 young (32768K), 2 survivors (2048K)
 Metaspace       used 87213K, committed 89088K, reserved 1179648K
  class space    used 11566K, committed 12544K, reserved 1048576K
}
Event: 29.263 GC heap after
{Heap after GC invocations=34 (full 0):
 garbage-first heap   total 149504K, used 93381K [0x0000000080000000, 0x0000000100000000)
  region size 1024K, 4 young (4096K), 4 survivors (4096K)
 Metaspace       used 87213K, committed 89088K, reserved 1179648K
  class space    used 11566K, committed 12544K, reserved 1048576K
}
Event: 30.516 GC heap before
{Heap before GC invocations=35 (full 0):
 garbage-first heap   total 163840K, used 140485K [0x0000000080000000, 0x0000000100000000)
  region size 1024K, 45 young (46080K), 4 survivors (4096K)
 Metaspace       used 89540K, committed 91456K, reserved 1179648K
  class space    used 11884K, committed 12864K, reserved 1048576K
}
Event: 30.522 GC heap after
{Heap after GC invocations=36 (full 0):
 garbage-first heap   total 163840K, used 97988K [0x0000000080000000, 0x0000000100000000)
  region size 1024K, 6 young (6144K), 6 survivors (6144K)
 Metaspace       used 89540K, committed 91456K, reserved 1179648K
  class space    used 11884K, committed 12864K, reserved 1048576K
}
Event: 34.843 GC heap before
{Heap before GC invocations=36 (full 0):
 garbage-first heap   total 163840K, used 145092K [0x0000000080000000, 0x0000000100000000)
  region size 1024K, 52 young (53248K), 6 survivors (6144K)
 Metaspace       used 94383K, committed 96256K, reserved 1179648K
  class space    used 12504K, committed 13440K, reserved 1048576K
}
Event: 34.850 GC heap after
{Heap after GC invocations=37 (full 0):
 garbage-first heap   total 163840K, used 99688K [0x0000000080000000, 0x0000000100000000)
  region size 1024K, 3 young (3072K), 3 survivors (3072K)
 Metaspace       used 94383K, committed 96256K, reserved 1179648K
  class space    used 12504K, committed 13440K, reserved 1048576K
}
Event: 36.670 GC heap before
{Heap before GC invocations=37 (full 0):
 garbage-first heap   total 163840K, used 138600K [0x0000000080000000, 0x0000000100000000)
  region size 1024K, 42 young (43008K), 3 survivors (3072K)
 Metaspace       used 97386K, committed 99392K, reserved 1179648K
  class space    used 12894K, committed 13888K, reserved 1048576K
}
Event: 36.675 GC heap after
{Heap after GC invocations=38 (full 0):
 garbage-first heap   total 163840K, used 101000K [0x0000000080000000, 0x0000000100000000)
  region size 1024K, 4 young (4096K), 4 survivors (4096K)
 Metaspace       used 97386K, committed 99392K, reserved 1179648K
  class space    used 12894K, committed 13888K, reserved 1048576K
}
Event: 39.870 GC heap before
{Heap before GC invocations=39 (full 0):
 garbage-first heap   total 174080K, used 152200K [0x0000000080000000, 0x0000000100000000)
  region size 1024K, 51 young (52224K), 4 survivors (4096K)
 Metaspace       used 98947K, committed 100928K, reserved 1179648K
  class space    used 13137K, committed 14144K, reserved 1048576K
}
Event: 39.879 GC heap after
{Heap after GC invocations=40 (full 0):
 garbage-first heap   total 174080K, used 109349K [0x0000000080000000, 0x0000000100000000)
  region size 1024K, 7 young (7168K), 7 survivors (7168K)
 Metaspace       used 98947K, committed 100928K, reserved 1179648K
  class space    used 13137K, committed 14144K, reserved 1048576K
}
Event: 42.192 GC heap before
{Heap before GC invocations=40 (full 0):
 garbage-first heap   total 174080K, used 158501K [0x0000000080000000, 0x0000000100000000)
  region size 1024K, 54 young (55296K), 7 survivors (7168K)
 Metaspace       used 102637K, committed 104704K, reserved 1179648K
  class space    used 13624K, committed 14656K, reserved 1048576K
}
Event: 42.200 GC heap after
{Heap after GC invocations=41 (full 0):
 garbage-first heap   total 174080K, used 111289K [0x0000000080000000, 0x0000000100000000)
  region size 1024K, 4 young (4096K), 4 survivors (4096K)
 Metaspace       used 102637K, committed 104704K, reserved 1179648K
  class space    used 13624K, committed 14656K, reserved 1048576K
}
Event: 45.546 GC heap before
{Heap before GC invocations=41 (full 0):
 garbage-first heap   total 174080K, used 158393K [0x0000000080000000, 0x0000000100000000)
  region size 1024K, 50 young (51200K), 4 survivors (4096K)
 Metaspace       used 106365K, committed 108352K, reserved 1179648K
  class space    used 14309K, committed 15296K, reserved 1048576K
}
Event: 45.551 GC heap after
{Heap after GC invocations=42 (full 0):
 garbage-first heap   total 174080K, used 112178K [0x0000000080000000, 0x0000000100000000)
  region size 1024K, 4 young (4096K), 4 survivors (4096K)
 Metaspace       used 106365K, committed 108352K, reserved 1179648K
  class space    used 14309K, committed 15296K, reserved 1048576K
}
Event: 47.615 GC heap before
{Heap before GC invocations=43 (full 0):
 garbage-first heap   total 188416K, used 159282K [0x0000000080000000, 0x0000000100000000)
  region size 1024K, 50 young (51200K), 4 survivors (4096K)
 Metaspace       used 109321K, committed 111424K, reserved 1179648K
  class space    used 14773K, committed 15808K, reserved 1048576K
}
Event: 47.620 GC heap after
{Heap after GC invocations=44 (full 0):
 garbage-first heap   total 188416K, used 114226K [0x0000000080000000, 0x0000000100000000)
  region size 1024K, 6 young (6144K), 6 survivors (6144K)
 Metaspace       used 109321K, committed 111424K, reserved 1179648K
  class space    used 14773K, committed 15808K, reserved 1048576K
}
Event: 80.710 GC heap before
{Heap before GC invocations=44 (full 0):
 garbage-first heap   total 188416K, used 171570K [0x0000000080000000, 0x0000000100000000)
  region size 1024K, 62 young (63488K), 6 survivors (6144K)
 Metaspace       used 111424K, committed 113600K, reserved 1179648K
  class space    used 15060K, committed 16128K, reserved 1048576K
}
Event: 80.722 GC heap after
{Heap after GC invocations=45 (full 0):
 garbage-first heap   total 188416K, used 116323K [0x0000000080000000, 0x0000000100000000)
  region size 1024K, 8 young (8192K), 8 survivors (8192K)
 Metaspace       used 111424K, committed 113600K, reserved 1179648K
  class space    used 15060K, committed 16128K, reserved 1048576K
}
Event: 82.249 GC heap before
{Heap before GC invocations=45 (full 0):
 garbage-first heap   total 188416K, used 168547K [0x0000000080000000, 0x0000000100000000)
  region size 1024K, 60 young (61440K), 8 survivors (8192K)
 Metaspace       used 112544K, committed 114688K, reserved 1179648K
  class space    used 15159K, committed 16256K, reserved 1048576K
}
Event: 82.265 GC heap after
{Heap after GC invocations=46 (full 0):
 garbage-first heap   total 188416K, used 123464K [0x0000000080000000, 0x0000000100000000)
  region size 1024K, 8 young (8192K), 8 survivors (8192K)
 Metaspace       used 112544K, committed 114688K, reserved 1179648K
  class space    used 15159K, committed 16256K, reserved 1048576K
}

