# JRE version: OpenJDK Runtime Environment (21.0.6) (build 21.0.6+-13355223-b631.42)
# Java VM: OpenJDK 64-Bit Server VM (21.0.6+-13355223-b631.42, mixed mode, tiered, compressed oops, compressed class ptrs, g1 gc, windows-amd64)
GC Precious Log:
 CardTable entry size: 512
 Card Set container configuration: InlinePtr #cards 4 size 8 Array Of Cards #cards 16 size 48 Howl #buckets 8 coarsen threshold 3686 Howl Bitmap #cards 512 size 80 coarsen threshold 460 Card regions per heap region 1 cards per card region 4096
 CPUs: 8 total, 8 available
 Memory: 16106M
 Large Page Support: Disabled
 NUMA Support: Disabled
 Compressed Oops: Enabled (Zero based)
 Heap Region Size: 2M
 Heap Min Capacity: 8M
 Heap Initial Capacity: 252M
 Heap Max Capacity: 4028M
 Pre-touch: Disabled
 Parallel Workers: 8
 Concurrent Workers: 2
 Concurrent Refinement Workers: 8
 Periodic GC: Disabled
Heap:
 garbage-first heap   total 389120K, used 238253K [0x0000000704400000, 0x0000000800000000)
  region size 2048K, 21 young (43008K), 4 survivors (8192K)
 Metaspace       used 95000K, committed 95488K, reserved 1179648K
  class space    used 9563K, committed 9792K, reserved 1048576K
GC Heap History (20 events):
Event: 5.266 GC heap before
{Heap before GC invocations=14 (full 0):
 garbage-first heap   total 155648K, used 127709K [0x0000000704400000, 0x0000000800000000)
  region size 2048K, 28 young (57344K), 4 survivors (8192K)
 Metaspace       used 56355K, committed 56704K, reserved 1114112K
  class space    used 6368K, committed 6528K, reserved 1048576K
}
Event: 5.281 GC heap after
{Heap after GC invocations=15 (full 0):
 garbage-first heap   total 188416K, used 90112K [0x0000000704400000, 0x0000000800000000)
  region size 2048K, 4 young (8192K), 4 survivors (8192K)
 Metaspace       used 56355K, committed 56704K, reserved 1114112K
  class space    used 6368K, committed 6528K, reserved 1048576K
}
Event: 5.760 GC heap before
{Heap before GC invocations=15 (full 0):
 garbage-first heap   total 188416K, used 153600K [0x0000000704400000, 0x0000000800000000)
  region size 2048K, 35 young (71680K), 4 survivors (8192K)
 Metaspace       used 57026K, committed 57408K, reserved 1114112K
  class space    used 6415K, committed 6592K, reserved 1048576K
}
Event: 5.769 GC heap after
{Heap after GC invocations=16 (full 0):
 garbage-first heap   total 188416K, used 105472K [0x0000000704400000, 0x0000000800000000)
  region size 2048K, 5 young (10240K), 5 survivors (10240K)
 Metaspace       used 57026K, committed 57408K, reserved 1114112K
  class space    used 6415K, committed 6592K, reserved 1048576K
}
Event: 6.339 GC heap before
{Heap before GC invocations=16 (full 0):
 garbage-first heap   total 188416K, used 156672K [0x0000000704400000, 0x0000000800000000)
  region size 2048K, 30 young (61440K), 5 survivors (10240K)
 Metaspace       used 57678K, committed 57984K, reserved 1114112K
  class space    used 6463K, committed 6592K, reserved 1048576K
}
Event: 6.354 GC heap after
{Heap after GC invocations=17 (full 0):
 garbage-first heap   total 188416K, used 116736K [0x0000000704400000, 0x0000000800000000)
  region size 2048K, 4 young (8192K), 4 survivors (8192K)
 Metaspace       used 57678K, committed 57984K, reserved 1114112K
  class space    used 6463K, committed 6592K, reserved 1048576K
}
Event: 6.512 GC heap before
{Heap before GC invocations=17 (full 0):
 garbage-first heap   total 194560K, used 161792K [0x0000000704400000, 0x0000000800000000)
  region size 2048K, 26 young (53248K), 4 survivors (8192K)
 Metaspace       used 57678K, committed 57984K, reserved 1114112K
  class space    used 6463K, committed 6592K, reserved 1048576K
}
Event: 6.523 GC heap after
{Heap after GC invocations=18 (full 0):
 garbage-first heap   total 194560K, used 128142K [0x0000000704400000, 0x0000000800000000)
  region size 2048K, 4 young (8192K), 4 survivors (8192K)
 Metaspace       used 57678K, committed 57984K, reserved 1114112K
  class space    used 6463K, committed 6592K, reserved 1048576K
}
Event: 6.613 GC heap before
{Heap before GC invocations=19 (full 0):
 garbage-first heap   total 194560K, used 169102K [0x0000000704400000, 0x0000000800000000)
  region size 2048K, 24 young (49152K), 4 survivors (8192K)
 Metaspace       used 57678K, committed 57984K, reserved 1114112K
  class space    used 6463K, committed 6592K, reserved 1048576K
}
Event: 6.620 GC heap after
{Heap after GC invocations=20 (full 0):
 garbage-first heap   total 194560K, used 138278K [0x0000000704400000, 0x0000000800000000)
  region size 2048K, 3 young (6144K), 3 survivors (6144K)
 Metaspace       used 57678K, committed 57984K, reserved 1114112K
  class space    used 6463K, committed 6592K, reserved 1048576K
}
Event: 6.967 GC heap before
{Heap before GC invocations=20 (full 0):
 garbage-first heap   total 194560K, used 173094K [0x0000000704400000, 0x0000000800000000)
  region size 2048K, 20 young (40960K), 3 survivors (6144K)
 Metaspace       used 57932K, committed 58240K, reserved 1114112K
  class space    used 6480K, committed 6656K, reserved 1048576K
}
Event: 6.977 GC heap after
{Heap after GC invocations=21 (full 0):
 garbage-first heap   total 389120K, used 144941K [0x0000000704400000, 0x0000000800000000)
  region size 2048K, 3 young (6144K), 3 survivors (6144K)
 Metaspace       used 57932K, committed 58240K, reserved 1114112K
  class space    used 6480K, committed 6656K, reserved 1048576K
}
Event: 9.527 GC heap before
{Heap before GC invocations=21 (full 0):
 garbage-first heap   total 389120K, used 306733K [0x0000000704400000, 0x0000000800000000)
  region size 2048K, 83 young (169984K), 3 survivors (6144K)
 Metaspace       used 64215K, committed 64576K, reserved 1114112K
  class space    used 6932K, committed 7104K, reserved 1048576K
}
Event: 9.546 GC heap after
{Heap after GC invocations=22 (full 0):
 garbage-first heap   total 389120K, used 167874K [0x0000000704400000, 0x0000000800000000)
  region size 2048K, 11 young (22528K), 11 survivors (22528K)
 Metaspace       used 64215K, committed 64576K, reserved 1114112K
  class space    used 6932K, committed 7104K, reserved 1048576K
}
Event: 11.552 GC heap before
{Heap before GC invocations=22 (full 0):
 garbage-first heap   total 389120K, used 266178K [0x0000000704400000, 0x0000000800000000)
  region size 2048K, 60 young (122880K), 11 survivors (22528K)
 Metaspace       used 75053K, committed 75456K, reserved 1179648K
  class space    used 7878K, committed 8064K, reserved 1048576K
}
Event: 11.577 GC heap after
{Heap after GC invocations=23 (full 0):
 garbage-first heap   total 389120K, used 186150K [0x0000000704400000, 0x0000000800000000)
  region size 2048K, 8 young (16384K), 8 survivors (16384K)
 Metaspace       used 75053K, committed 75456K, reserved 1179648K
  class space    used 7878K, committed 8064K, reserved 1048576K
}
Event: 14.345 GC heap before
{Heap before GC invocations=24 (full 0):
 garbage-first heap   total 389120K, used 319270K [0x0000000704400000, 0x0000000800000000)
  region size 2048K, 73 young (149504K), 8 survivors (16384K)
 Metaspace       used 91086K, committed 91584K, reserved 1179648K
  class space    used 9289K, committed 9536K, reserved 1048576K
}
Event: 14.362 GC heap after
{Heap after GC invocations=25 (full 0):
 garbage-first heap   total 389120K, used 199882K [0x0000000704400000, 0x0000000800000000)
  region size 2048K, 8 young (16384K), 8 survivors (16384K)
 Metaspace       used 91086K, committed 91584K, reserved 1179648K
  class space    used 9289K, committed 9536K, reserved 1048576K
}
Event: 15.432 GC heap before
{Heap before GC invocations=25 (full 0):
 garbage-first heap   total 389120K, used 269514K [0x0000000704400000, 0x0000000800000000)
  region size 2048K, 43 young (88064K), 8 survivors (16384K)
 Metaspace       used 94852K, committed 95360K, reserved 1179648K
  class space    used 9562K, committed 9792K, reserved 1048576K
}
Event: 15.444 GC heap after
{Heap after GC invocations=26 (full 0):
 garbage-first heap   total 389120K, used 205485K [0x0000000704400000, 0x0000000800000000)
  region size 2048K, 4 young (8192K), 4 survivors (8192K)
 Metaspace       used 94852K, committed 95360K, reserved 1179648K
  class space    used 9562K, committed 9792K, reserved 1048576K
}

