# JRE version: OpenJDK Runtime Environment (21.0.6) (build 21.0.6+-13355223-b631.42)
# Java VM: OpenJDK 64-Bit Server VM (21.0.6+-13355223-b631.42, mixed mode, tiered, compressed oops, compressed class ptrs, g1 gc, windows-amd64)
GC Precious Log:
 CardTable entry size: 512
 Card Set container configuration: InlinePtr #cards 4 size 8 Array Of Cards #cards 16 size 48 Howl #buckets 8 coarsen threshold 3686 Howl Bitmap #cards 512 size 80 coarsen threshold 460 Card regions per heap region 1 cards per card region 4096
 CPUs: 8 total, 8 available
 Memory: 16106M
 Large Page Support: Disabled
 NUMA Support: Disabled
 Compressed Oops: Enabled (Zero based)
 Heap Region Size: 2M
 Heap Min Capacity: 8M
 Heap Initial Capacity: 252M
 Heap Max Capacity: 4028M
 Pre-touch: Disabled
 Parallel Workers: 8
 Concurrent Workers: 2
 Concurrent Refinement Workers: 8
 Periodic GC: Disabled
Heap:
 garbage-first heap   total 266240K, used 143793K [0x0000000704400000, 0x0000000800000000)
  region size 2048K, 4 young (8192K), 4 survivors (8192K)
 Metaspace       used 58165K, committed 58560K, reserved 1114112K
  class space    used 6487K, committed 6656K, reserved 1048576K
GC Heap History (20 events):
Event: 2.484 GC heap after
{Heap after GC invocations=10 (full 0):
 garbage-first heap   total 155648K, used 28173K [0x0000000704400000, 0x0000000800000000)
  region size 2048K, 1 young (2048K), 1 survivors (2048K)
 Metaspace       used 39479K, committed 39744K, reserved 1114112K
  class space    used 4631K, committed 4800K, reserved 1048576K
}
Event: 3.736 GC heap before
{Heap before GC invocations=10 (full 0):
 garbage-first heap   total 155648K, used 116237K [0x0000000704400000, 0x0000000800000000)
  region size 2048K, 45 young (92160K), 1 survivors (2048K)
 Metaspace       used 47284K, committed 47552K, reserved 1114112K
  class space    used 5362K, committed 5504K, reserved 1048576K
}
Event: 3.761 GC heap after
{Heap after GC invocations=11 (full 0):
 garbage-first heap   total 155648K, used 49585K [0x0000000704400000, 0x0000000800000000)
  region size 2048K, 6 young (12288K), 6 survivors (12288K)
 Metaspace       used 47284K, committed 47552K, reserved 1114112K
  class space    used 5362K, committed 5504K, reserved 1048576K
}
Event: 4.707 GC heap before
{Heap before GC invocations=11 (full 0):
 garbage-first heap   total 155648K, used 100785K [0x0000000704400000, 0x0000000800000000)
  region size 2048K, 31 young (63488K), 6 survivors (12288K)
 Metaspace       used 51949K, committed 52288K, reserved 1114112K
  class space    used 5851K, committed 6016K, reserved 1048576K
}
Event: 4.731 GC heap after
{Heap after GC invocations=12 (full 0):
 garbage-first heap   total 155648K, used 61342K [0x0000000704400000, 0x0000000800000000)
  region size 2048K, 4 young (8192K), 4 survivors (8192K)
 Metaspace       used 51949K, committed 52288K, reserved 1114112K
  class space    used 5851K, committed 6016K, reserved 1048576K
}
Event: 5.450 GC heap before
{Heap before GC invocations=12 (full 0):
 garbage-first heap   total 155648K, used 87966K [0x0000000704400000, 0x0000000800000000)
  region size 2048K, 18 young (36864K), 4 survivors (8192K)
 Metaspace       used 55505K, committed 55808K, reserved 1114112K
  class space    used 6249K, committed 6400K, reserved 1048576K
}
Event: 5.463 GC heap after
{Heap after GC invocations=13 (full 0):
 garbage-first heap   total 155648K, used 66368K [0x0000000704400000, 0x0000000800000000)
  region size 2048K, 2 young (4096K), 2 survivors (4096K)
 Metaspace       used 55505K, committed 55808K, reserved 1114112K
  class space    used 6249K, committed 6400K, reserved 1048576K
}
Event: 6.194 GC heap before
{Heap before GC invocations=14 (full 0):
 garbage-first heap   total 155648K, used 119616K [0x0000000704400000, 0x0000000800000000)
  region size 2048K, 28 young (57344K), 2 survivors (4096K)
 Metaspace       used 56462K, committed 56768K, reserved 1114112K
  class space    used 6370K, committed 6528K, reserved 1048576K
}
Event: 6.210 GC heap after
{Heap after GC invocations=15 (full 0):
 garbage-first heap   total 155648K, used 77824K [0x0000000704400000, 0x0000000800000000)
  region size 2048K, 4 young (8192K), 4 survivors (8192K)
 Metaspace       used 56462K, committed 56768K, reserved 1114112K
  class space    used 6370K, committed 6528K, reserved 1048576K
}
Event: 6.289 GC heap before
{Heap before GC invocations=15 (full 0):
 garbage-first heap   total 155648K, used 126976K [0x0000000704400000, 0x0000000800000000)
  region size 2048K, 28 young (57344K), 4 survivors (8192K)
 Metaspace       used 56462K, committed 56768K, reserved 1114112K
  class space    used 6370K, committed 6528K, reserved 1048576K
}
Event: 6.305 GC heap after
{Heap after GC invocations=16 (full 0):
 garbage-first heap   total 188416K, used 88574K [0x0000000704400000, 0x0000000800000000)
  region size 2048K, 4 young (8192K), 4 survivors (8192K)
 Metaspace       used 56462K, committed 56768K, reserved 1114112K
  class space    used 6370K, committed 6528K, reserved 1048576K
}
Event: 6.842 GC heap before
{Heap before GC invocations=16 (full 0):
 garbage-first heap   total 188416K, used 152062K [0x0000000704400000, 0x0000000800000000)
  region size 2048K, 35 young (71680K), 4 survivors (8192K)
 Metaspace       used 57189K, committed 57536K, reserved 1114112K
  class space    used 6417K, committed 6592K, reserved 1048576K
}
Event: 6.852 GC heap after
{Heap after GC invocations=17 (full 0):
 garbage-first heap   total 188416K, used 102941K [0x0000000704400000, 0x0000000800000000)
  region size 2048K, 5 young (10240K), 5 survivors (10240K)
 Metaspace       used 57189K, committed 57536K, reserved 1114112K
  class space    used 6417K, committed 6592K, reserved 1048576K
}
Event: 7.323 GC heap before
{Heap before GC invocations=17 (full 0):
 garbage-first heap   total 188416K, used 156189K [0x0000000704400000, 0x0000000800000000)
  region size 2048K, 31 young (63488K), 5 survivors (10240K)
 Metaspace       used 57723K, committed 57984K, reserved 1114112K
  class space    used 6464K, committed 6592K, reserved 1048576K
}
Event: 7.335 GC heap after
{Heap after GC invocations=18 (full 0):
 garbage-first heap   total 188416K, used 114349K [0x0000000704400000, 0x0000000800000000)
  region size 2048K, 4 young (8192K), 4 survivors (8192K)
 Metaspace       used 57723K, committed 57984K, reserved 1114112K
  class space    used 6464K, committed 6592K, reserved 1048576K
}
Event: 7.431 GC heap before
{Heap before GC invocations=18 (full 0):
 garbage-first heap   total 188416K, used 161453K [0x0000000704400000, 0x0000000800000000)
  region size 2048K, 27 young (55296K), 4 survivors (8192K)
 Metaspace       used 57723K, committed 57984K, reserved 1114112K
  class space    used 6464K, committed 6592K, reserved 1048576K
}
Event: 7.442 GC heap after
{Heap after GC invocations=19 (full 0):
 garbage-first heap   total 188416K, used 126173K [0x0000000704400000, 0x0000000800000000)
  region size 2048K, 4 young (8192K), 4 survivors (8192K)
 Metaspace       used 57723K, committed 57984K, reserved 1114112K
  class space    used 6464K, committed 6592K, reserved 1048576K
}
Event: 7.561 GC heap before
{Heap before GC invocations=20 (full 0):
 garbage-first heap   total 212992K, used 165085K [0x0000000704400000, 0x0000000800000000)
  region size 2048K, 23 young (47104K), 4 survivors (8192K)
 Metaspace       used 57723K, committed 57984K, reserved 1114112K
  class space    used 6464K, committed 6592K, reserved 1048576K
}
Event: 7.566 GC heap after
{Heap after GC invocations=21 (full 0):
 garbage-first heap   total 212992K, used 136033K [0x0000000704400000, 0x0000000800000000)
  region size 2048K, 3 young (6144K), 3 survivors (6144K)
 Metaspace       used 57723K, committed 57984K, reserved 1114112K
  class space    used 6464K, committed 6592K, reserved 1048576K
}
Event: 8.332 GC heap before
{Heap before GC invocations=21 (full 0):
 garbage-first heap   total 212992K, used 183137K [0x0000000704400000, 0x0000000800000000)
  region size 2048K, 26 young (53248K), 3 survivors (6144K)
 Metaspace       used 58165K, committed 58560K, reserved 1114112K
  class space    used 6487K, committed 6656K, reserved 1048576K
}

